*** Start analyzing build configuration ***
Auto-config - Scanning: C:\Users\PM\Documents\GitHub\BUS_UVM
Auto-config - VLOG: C:\Users\PM\Documents\GitHub\BUS_UVM
Auto-config - Wrote:
    C:\Users\PM\Documents\GitHub\BUS_UVM\.dvt\default.build.auto.1
*** List of included argument files ***
    Build configuration file:  C:\Users\PM\Documents\GitHub\BUS_UVM\.dvt\default.build
    -f C:\Users\PM\Documents\GitHub\BUS_UVM\.dvt\default.build.auto.1
*** List of invocations ***
Invocation #1 +dvt_init+dvt in C:\Users\PM\Documents\GitHub\BUS_UVM\.dvt\default.build.auto.1 at line 9
*** Warning: BUILD_CONFIG: $UVM_HOME environment variable not set, falling back to $DVT_UVM_HOME
    at line 11 in C:\Users\PM\Documents\GitHub\BUS_UVM\.dvt\default.build.auto.1
*** Done analyzing build configuration [49 ms] ***

*** Start SystemVerilog build ***
*** Invocation #1***
Loading (1) C:\dvt_eclipse\predefined_projects\libs\uvm-1.2\src\uvm_pkg.sv ...
Loading (2) C:\dvt_eclipse\predefined_projects\libs\uvm-1.2\src\uvm_macros.svh ...
Loading (3) C:\dvt_eclipse\predefined_projects\libs\uvm-1.2\src\macros\uvm_version_defines.svh ...
Done C:\dvt_eclipse\predefined_projects\libs\uvm-1.2\src\macros\uvm_version_defines.svh [51 ms, 151 lines, SystemVerilog_2012] ...
Loading (4) C:\dvt_eclipse\predefined_projects\libs\uvm-1.2\src\macros\uvm_global_defines.svh ...
Done C:\dvt_eclipse\predefined_projects\libs\uvm-1.2\src\macros\uvm_global_defines.svh [0 ms, 61 lines, SystemVerilog_2012] ...
Loading (5) C:\dvt_eclipse\predefined_projects\libs\uvm-1.2\src\macros\uvm_message_defines.svh ...
Done C:\dvt_eclipse\predefined_projects\libs\uvm-1.2\src\macros\uvm_message_defines.svh [0 ms, 539 lines, SystemVerilog_2012] ...
Loading (6) C:\dvt_eclipse\predefined_projects\libs\uvm-1.2\src\macros\uvm_phase_defines.svh ...
Done C:\dvt_eclipse\predefined_projects\libs\uvm-1.2\src\macros\uvm_phase_defines.svh [0 ms, 130 lines, SystemVerilog_2012] ...
Loading (7) C:\dvt_eclipse\predefined_projects\libs\uvm-1.2\src\macros\uvm_object_defines.svh ...
Done C:\dvt_eclipse\predefined_projects\libs\uvm-1.2\src\macros\uvm_object_defines.svh [0 ms, 3815 lines, SystemVerilog_2012] ...
Loading (8) C:\dvt_eclipse\predefined_projects\libs\uvm-1.2\src\macros\uvm_printer_defines.svh ...
Done C:\dvt_eclipse\predefined_projects\libs\uvm-1.2\src\macros\uvm_printer_defines.svh [55 ms, 423 lines, SystemVerilog_2012] ...
Loading (9) C:\dvt_eclipse\predefined_projects\libs\uvm-1.2\src\macros\uvm_tlm_defines.svh ...
Loading (10) C:\dvt_eclipse\predefined_projects\libs\uvm-1.2\src\tlm1\uvm_tlm_imps.svh ...
Done C:\dvt_eclipse\predefined_projects\libs\uvm-1.2\src\tlm1\uvm_tlm_imps.svh [0 ms, 229 lines, SystemVerilog_2012] ...
Done C:\dvt_eclipse\predefined_projects\libs\uvm-1.2\src\macros\uvm_tlm_defines.svh [0 ms, 617 lines, SystemVerilog_2012] ...
Loading (11) C:\dvt_eclipse\predefined_projects\libs\uvm-1.2\src\macros\uvm_sequence_defines.svh ...
Done C:\dvt_eclipse\predefined_projects\libs\uvm-1.2\src\macros\uvm_sequence_defines.svh [0 ms, 456 lines, SystemVerilog_2012] ...
Loading (12) C:\dvt_eclipse\predefined_projects\libs\uvm-1.2\src\macros\uvm_callback_defines.svh ...
Done C:\dvt_eclipse\predefined_projects\libs\uvm-1.2\src\macros\uvm_callback_defines.svh [0 ms, 301 lines, SystemVerilog_2012] ...
Loading (13) C:\dvt_eclipse\predefined_projects\libs\uvm-1.2\src\macros\uvm_reg_defines.svh ...
Done C:\dvt_eclipse\predefined_projects\libs\uvm-1.2\src\macros\uvm_reg_defines.svh [0 ms, 69 lines, SystemVerilog_2012] ...
Loading (14) C:\dvt_eclipse\predefined_projects\libs\uvm-1.2\src\macros\uvm_deprecated_defines.svh ...
Done C:\dvt_eclipse\predefined_projects\libs\uvm-1.2\src\macros\uvm_deprecated_defines.svh [0 ms, 252 lines, SystemVerilog_2012] ...
Done C:\dvt_eclipse\predefined_projects\libs\uvm-1.2\src\uvm_macros.svh [0 ms, 82 lines, SystemVerilog_2012] ...
Loading (15) C:\dvt_eclipse\predefined_projects\libs\uvm-1.2\src\dpi\uvm_dpi.svh ...
Loading (16) C:\dvt_eclipse\predefined_projects\libs\uvm-1.2\src\dpi\uvm_hdl.svh ...
Done C:\dvt_eclipse\predefined_projects\libs\uvm-1.2\src\dpi\uvm_hdl.svh [1 ms, 164 lines, SystemVerilog_2012] ...
Loading (17) C:\dvt_eclipse\predefined_projects\libs\uvm-1.2\src\dpi\uvm_svcmd_dpi.svh ...
Done C:\dvt_eclipse\predefined_projects\libs\uvm-1.2\src\dpi\uvm_svcmd_dpi.svh [1 ms, 66 lines, SystemVerilog_2012] ...
Loading (18) C:\dvt_eclipse\predefined_projects\libs\uvm-1.2\src\dpi\uvm_regex.svh ...
Done C:\dvt_eclipse\predefined_projects\libs\uvm-1.2\src\dpi\uvm_regex.svh [0 ms, 89 lines, SystemVerilog_2012] ...
Done C:\dvt_eclipse\predefined_projects\libs\uvm-1.2\src\dpi\uvm_dpi.svh [0 ms, 44 lines, SystemVerilog_2012] ...
Loading (19) C:\dvt_eclipse\predefined_projects\libs\uvm-1.2\src\base\uvm_base.svh ...
Loading (20) C:\dvt_eclipse\predefined_projects\libs\uvm-1.2\src\base\uvm_coreservice.svh ...
Done C:\dvt_eclipse\predefined_projects\libs\uvm-1.2\src\base\uvm_coreservice.svh [26 ms, 224 lines, SystemVerilog_2012] ...
Loading (21) C:\dvt_eclipse\predefined_projects\libs\uvm-1.2\src\base\uvm_version.svh ...
Done C:\dvt_eclipse\predefined_projects\libs\uvm-1.2\src\base\uvm_version.svh [0 ms, 39 lines, SystemVerilog_2012] ...
Loading (22) C:\dvt_eclipse\predefined_projects\libs\uvm-1.2\src\base\uvm_object_globals.svh ...
Done C:\dvt_eclipse\predefined_projects\libs\uvm-1.2\src\base\uvm_object_globals.svh [9 ms, 658 lines, SystemVerilog_2012] ...
Loading (23) C:\dvt_eclipse\predefined_projects\libs\uvm-1.2\src\base\uvm_misc.svh ...
Done C:\dvt_eclipse\predefined_projects\libs\uvm-1.2\src\base\uvm_misc.svh [11 ms, 754 lines, SystemVerilog_2012] ...
Loading (24) C:\dvt_eclipse\predefined_projects\libs\uvm-1.2\src\base\uvm_object.svh ...
Done C:\dvt_eclipse\predefined_projects\libs\uvm-1.2\src\base\uvm_object.svh [15 ms, 1331 lines, SystemVerilog_2012] ...
Loading (25) C:\dvt_eclipse\predefined_projects\libs\uvm-1.2\src\base\uvm_pool.svh ...
Done C:\dvt_eclipse\predefined_projects\libs\uvm-1.2\src\base\uvm_pool.svh [4 ms, 348 lines, SystemVerilog_2012] ...
Loading (26) C:\dvt_eclipse\predefined_projects\libs\uvm-1.2\src\base\uvm_queue.svh ...
Done C:\dvt_eclipse\predefined_projects\libs\uvm-1.2\src\base\uvm_queue.svh [2 ms, 204 lines, SystemVerilog_2012] ...
Loading (27) C:\dvt_eclipse\predefined_projects\libs\uvm-1.2\src\base\uvm_factory.svh ...
Done C:\dvt_eclipse\predefined_projects\libs\uvm-1.2\src\base\uvm_factory.svh [51 ms, 1790 lines, SystemVerilog_2012] ...
Loading (28) C:\dvt_eclipse\predefined_projects\libs\uvm-1.2\src\base\uvm_registry.svh ...
Done C:\dvt_eclipse\predefined_projects\libs\uvm-1.2\src\base\uvm_registry.svh [5 ms, 381 lines, SystemVerilog_2012] ...
Loading (29) C:\dvt_eclipse\predefined_projects\libs\uvm-1.2\src\base\uvm_spell_chkr.svh ...
Done C:\dvt_eclipse\predefined_projects\libs\uvm-1.2\src\base\uvm_spell_chkr.svh [2 ms, 204 lines, SystemVerilog_2012] ...
Loading (30) C:\dvt_eclipse\predefined_projects\libs\uvm-1.2\src\base\uvm_resource.svh ...
Done C:\dvt_eclipse\predefined_projects\libs\uvm-1.2\src\base\uvm_resource.svh [19 ms, 1695 lines, SystemVerilog_2012] ...
Loading (31) C:\dvt_eclipse\predefined_projects\libs\uvm-1.2\src\base\uvm_resource_specializations.svh ...
Done C:\dvt_eclipse\predefined_projects\libs\uvm-1.2\src\base\uvm_resource_specializations.svh [6 ms, 171 lines, SystemVerilog_2012] ...
Loading (32) C:\dvt_eclipse\predefined_projects\libs\uvm-1.2\src\base\uvm_resource_db.svh ...
Done C:\dvt_eclipse\predefined_projects\libs\uvm-1.2\src\base\uvm_resource_db.svh [4 ms, 400 lines, SystemVerilog_2012] ...
Loading (33) C:\dvt_eclipse\predefined_projects\libs\uvm-1.2\src\base\uvm_config_db.svh ...
Done C:\dvt_eclipse\predefined_projects\libs\uvm-1.2\src\base\uvm_config_db.svh [5 ms, 411 lines, SystemVerilog_2012] ...
Loading (34) C:\dvt_eclipse\predefined_projects\libs\uvm-1.2\src\base\uvm_printer.svh ...
Done C:\dvt_eclipse\predefined_projects\libs\uvm-1.2\src\base\uvm_printer.svh [12 ms, 1232 lines, SystemVerilog_2012] ...
Loading (35) C:\dvt_eclipse\predefined_projects\libs\uvm-1.2\src\base\uvm_comparer.svh ...
Done C:\dvt_eclipse\predefined_projects\libs\uvm-1.2\src\base\uvm_comparer.svh [4 ms, 423 lines, SystemVerilog_2012] ...
Loading (36) C:\dvt_eclipse\predefined_projects\libs\uvm-1.2\src\base\uvm_packer.svh ...
Done C:\dvt_eclipse\predefined_projects\libs\uvm-1.2\src\base\uvm_packer.svh [15 ms, 1038 lines, SystemVerilog_2012] ...
Loading (37) C:\dvt_eclipse\predefined_projects\libs\uvm-1.2\src\base\uvm_links.svh ...
Done C:\dvt_eclipse\predefined_projects\libs\uvm-1.2\src\base\uvm_links.svh [4 ms, 371 lines, SystemVerilog_2012] ...
Loading (38) C:\dvt_eclipse\predefined_projects\libs\uvm-1.2\src\base\uvm_tr_database.svh ...
Done C:\dvt_eclipse\predefined_projects\libs\uvm-1.2\src\base\uvm_tr_database.svh [6 ms, 433 lines, SystemVerilog_2012] ...
Loading (39) C:\dvt_eclipse\predefined_projects\libs\uvm-1.2\src\base\uvm_tr_stream.svh ...
Done C:\dvt_eclipse\predefined_projects\libs\uvm-1.2\src\base\uvm_tr_stream.svh [26 ms, 592 lines, SystemVerilog_2012] ...
Loading (40) C:\dvt_eclipse\predefined_projects\libs\uvm-1.2\src\base\uvm_recorder.svh ...
Done C:\dvt_eclipse\predefined_projects\libs\uvm-1.2\src\base\uvm_recorder.svh [12 ms, 1141 lines, SystemVerilog_2012] ...
Loading (41) C:\dvt_eclipse\predefined_projects\libs\uvm-1.2\src\base\uvm_event_callback.svh ...
Done C:\dvt_eclipse\predefined_projects\libs\uvm-1.2\src\base\uvm_event_callback.svh [1 ms, 91 lines, SystemVerilog_2012] ...
Loading (42) C:\dvt_eclipse\predefined_projects\libs\uvm-1.2\src\base\uvm_event.svh ...
Done C:\dvt_eclipse\predefined_projects\libs\uvm-1.2\src\base\uvm_event.svh [4 ms, 395 lines, SystemVerilog_2012] ...
Loading (43) C:\dvt_eclipse\predefined_projects\libs\uvm-1.2\src\base\uvm_barrier.svh ...
Done C:\dvt_eclipse\predefined_projects\libs\uvm-1.2\src\base\uvm_barrier.svh [2 ms, 210 lines, SystemVerilog_2012] ...
Loading (44) C:\dvt_eclipse\predefined_projects\libs\uvm-1.2\src\base\uvm_callback.svh ...
Loading (45) C:\dvt_eclipse\predefined_projects\libs\uvm-1.2\src\uvm_macros.svh ...
Done C:\dvt_eclipse\predefined_projects\libs\uvm-1.2\src\uvm_macros.svh [0 ms, 82 lines, SystemVerilog_2012] ...
Done C:\dvt_eclipse\predefined_projects\libs\uvm-1.2\src\base\uvm_callback.svh [16 ms, 1199 lines, SystemVerilog_2012] ...
Loading (46) C:\dvt_eclipse\predefined_projects\libs\uvm-1.2\src\base\uvm_report_message.svh ...
Done C:\dvt_eclipse\predefined_projects\libs\uvm-1.2\src\base\uvm_report_message.svh [9 ms, 940 lines, SystemVerilog_2012] ...
Loading (47) C:\dvt_eclipse\predefined_projects\libs\uvm-1.2\src\base\uvm_report_catcher.svh ...
Done C:\dvt_eclipse\predefined_projects\libs\uvm-1.2\src\base\uvm_report_catcher.svh [7 ms, 713 lines, SystemVerilog_2012] ...
Loading (48) C:\dvt_eclipse\predefined_projects\libs\uvm-1.2\src\base\uvm_report_server.svh ...
Done C:\dvt_eclipse\predefined_projects\libs\uvm-1.2\src\base\uvm_report_server.svh [9 ms, 923 lines, SystemVerilog_2012] ...
Loading (49) C:\dvt_eclipse\predefined_projects\libs\uvm-1.2\src\base\uvm_report_handler.svh ...
Done C:\dvt_eclipse\predefined_projects\libs\uvm-1.2\src\base\uvm_report_handler.svh [14 ms, 801 lines, SystemVerilog_2012] ...
Loading (50) C:\dvt_eclipse\predefined_projects\libs\uvm-1.2\src\base\uvm_report_object.svh ...
Done C:\dvt_eclipse\predefined_projects\libs\uvm-1.2\src\base\uvm_report_object.svh [4 ms, 660 lines, SystemVerilog_2012] ...
Loading (51) C:\dvt_eclipse\predefined_projects\libs\uvm-1.2\src\base\uvm_transaction.svh ...
Done C:\dvt_eclipse\predefined_projects\libs\uvm-1.2\src\base\uvm_transaction.svh [4 ms, 781 lines, SystemVerilog_2012] ...
Loading (52) C:\dvt_eclipse\predefined_projects\libs\uvm-1.2\src\base\uvm_phase.svh ...
Done C:\dvt_eclipse\predefined_projects\libs\uvm-1.2\src\base\uvm_phase.svh [56 ms, 2254 lines, SystemVerilog_2012] ...
Loading (53) C:\dvt_eclipse\predefined_projects\libs\uvm-1.2\src\base\uvm_domain.svh ...
Done C:\dvt_eclipse\predefined_projects\libs\uvm-1.2\src\base\uvm_domain.svh [5 ms, 219 lines, SystemVerilog_2012] ...
Loading (54) C:\dvt_eclipse\predefined_projects\libs\uvm-1.2\src\base\uvm_bottomup_phase.svh ...
Done C:\dvt_eclipse\predefined_projects\libs\uvm-1.2\src\base\uvm_bottomup_phase.svh [1 ms, 113 lines, SystemVerilog_2012] ...
Loading (55) C:\dvt_eclipse\predefined_projects\libs\uvm-1.2\src\base\uvm_topdown_phase.svh ...
Done C:\dvt_eclipse\predefined_projects\libs\uvm-1.2\src\base\uvm_topdown_phase.svh [2 ms, 115 lines, SystemVerilog_2012] ...
Loading (56) C:\dvt_eclipse\predefined_projects\libs\uvm-1.2\src\base\uvm_task_phase.svh ...
Done C:\dvt_eclipse\predefined_projects\libs\uvm-1.2\src\base\uvm_task_phase.svh [2 ms, 162 lines, SystemVerilog_2012] ...
Loading (57) C:\dvt_eclipse\predefined_projects\libs\uvm-1.2\src\base\uvm_common_phases.svh ...
Done C:\dvt_eclipse\predefined_projects\libs\uvm-1.2\src\base\uvm_common_phases.svh [3 ms, 452 lines, SystemVerilog_2012] ...
Loading (58) C:\dvt_eclipse\predefined_projects\libs\uvm-1.2\src\base\uvm_runtime_phases.svh ...
Done C:\dvt_eclipse\predefined_projects\libs\uvm-1.2\src\base\uvm_runtime_phases.svh [4 ms, 556 lines, SystemVerilog_2012] ...
Loading (59) C:\dvt_eclipse\predefined_projects\libs\uvm-1.2\src\base\uvm_component.svh ...
Loading (60) C:\dvt_eclipse\predefined_projects\libs\uvm-1.2\src\base\uvm_root.svh ...
Done C:\dvt_eclipse\predefined_projects\libs\uvm-1.2\src\base\uvm_root.svh [23 ms, 1073 lines, SystemVerilog_2012] ...
Done C:\dvt_eclipse\predefined_projects\libs\uvm-1.2\src\base\uvm_component.svh [34 ms, 3639 lines, SystemVerilog_2012] ...
Loading (61) C:\dvt_eclipse\predefined_projects\libs\uvm-1.2\src\base\uvm_objection.svh ...
Done C:\dvt_eclipse\predefined_projects\libs\uvm-1.2\src\base\uvm_objection.svh [33 ms, 1454 lines, SystemVerilog_2012] ...
Loading (62) C:\dvt_eclipse\predefined_projects\libs\uvm-1.2\src\base\uvm_heartbeat.svh ...
Done C:\dvt_eclipse\predefined_projects\libs\uvm-1.2\src\base\uvm_heartbeat.svh [5 ms, 342 lines, SystemVerilog_2012] ...
Loading (63) C:\dvt_eclipse\predefined_projects\libs\uvm-1.2\src\base\uvm_globals.svh ...
Done C:\dvt_eclipse\predefined_projects\libs\uvm-1.2\src\base\uvm_globals.svh [5 ms, 565 lines, SystemVerilog_2012] ...
Loading (64) C:\dvt_eclipse\predefined_projects\libs\uvm-1.2\src\base\uvm_cmdline_processor.svh ...
Done C:\dvt_eclipse\predefined_projects\libs\uvm-1.2\src\base\uvm_cmdline_processor.svh [4 ms, 462 lines, SystemVerilog_2012] ...
Loading (65) C:\dvt_eclipse\predefined_projects\libs\uvm-1.2\src\base\uvm_traversal.svh ...
Done C:\dvt_eclipse\predefined_projects\libs\uvm-1.2\src\base\uvm_traversal.svh [3 ms, 289 lines, SystemVerilog_2012] ...
Done C:\dvt_eclipse\predefined_projects\libs\uvm-1.2\src\base\uvm_base.svh [0 ms, 113 lines, SystemVerilog_2012] ...
Loading (66) C:\dvt_eclipse\predefined_projects\libs\uvm-1.2\src\dap\uvm_dap.svh ...
Loading (67) C:\dvt_eclipse\predefined_projects\libs\uvm-1.2\src\dap\uvm_set_get_dap_base.svh ...
Done C:\dvt_eclipse\predefined_projects\libs\uvm-1.2\src\dap\uvm_set_get_dap_base.svh [0 ms, 84 lines, SystemVerilog_2012] ...
Loading (68) C:\dvt_eclipse\predefined_projects\libs\uvm-1.2\src\dap\uvm_simple_lock_dap.svh ...
Done C:\dvt_eclipse\predefined_projects\libs\uvm-1.2\src\dap\uvm_simple_lock_dap.svh [2 ms, 179 lines, SystemVerilog_2012] ...
Loading (69) C:\dvt_eclipse\predefined_projects\libs\uvm-1.2\src\dap\uvm_get_to_lock_dap.svh ...
Done C:\dvt_eclipse\predefined_projects\libs\uvm-1.2\src\dap\uvm_get_to_lock_dap.svh [2 ms, 155 lines, SystemVerilog_2012] ...
Loading (70) C:\dvt_eclipse\predefined_projects\libs\uvm-1.2\src\dap\uvm_set_before_get_dap.svh ...
Done C:\dvt_eclipse\predefined_projects\libs\uvm-1.2\src\dap\uvm_set_before_get_dap.svh [2 ms, 185 lines, SystemVerilog_2012] ...
Done C:\dvt_eclipse\predefined_projects\libs\uvm-1.2\src\dap\uvm_dap.svh [0 ms, 35 lines, SystemVerilog_2012] ...
Loading (71) C:\dvt_eclipse\predefined_projects\libs\uvm-1.2\src\tlm1\uvm_tlm.svh ...
Loading (72) C:\dvt_eclipse\predefined_projects\libs\uvm-1.2\src\tlm1\uvm_tlm_ifs.svh ...
Done C:\dvt_eclipse\predefined_projects\libs\uvm-1.2\src\tlm1\uvm_tlm_ifs.svh [1 ms, 219 lines, SystemVerilog_2012] ...
Loading (73) C:\dvt_eclipse\predefined_projects\libs\uvm-1.2\src\tlm1\uvm_sqr_ifs.svh ...
Done C:\dvt_eclipse\predefined_projects\libs\uvm-1.2\src\tlm1\uvm_sqr_ifs.svh [1 ms, 253 lines, SystemVerilog_2012] ...
Loading (74) C:\dvt_eclipse\predefined_projects\libs\uvm-1.2\src\base\uvm_port_base.svh ...
Done C:\dvt_eclipse\predefined_projects\libs\uvm-1.2\src\base\uvm_port_base.svh [8 ms, 793 lines, SystemVerilog_2012] ...
Loading (75) C:\dvt_eclipse\predefined_projects\libs\uvm-1.2\src\tlm1\uvm_tlm_imps.svh ...
Done C:\dvt_eclipse\predefined_projects\libs\uvm-1.2\src\tlm1\uvm_tlm_imps.svh [0 ms, 229 lines, SystemVerilog_2012] ...
Loading (76) C:\dvt_eclipse\predefined_projects\libs\uvm-1.2\src\tlm1\uvm_imps.svh ...
Done C:\dvt_eclipse\predefined_projects\libs\uvm-1.2\src\tlm1\uvm_imps.svh [8 ms, 317 lines, SystemVerilog_2012] ...
Loading (77) C:\dvt_eclipse\predefined_projects\libs\uvm-1.2\src\tlm1\uvm_ports.svh ...
Done C:\dvt_eclipse\predefined_projects\libs\uvm-1.2\src\tlm1\uvm_ports.svh [19 ms, 263 lines, SystemVerilog_2012] ...
Loading (78) C:\dvt_eclipse\predefined_projects\libs\uvm-1.2\src\tlm1\uvm_exports.svh ...
Done C:\dvt_eclipse\predefined_projects\libs\uvm-1.2\src\tlm1\uvm_exports.svh [12 ms, 260 lines, SystemVerilog_2012] ...
Loading (79) C:\dvt_eclipse\predefined_projects\libs\uvm-1.2\src\tlm1\uvm_analysis_port.svh ...
Done C:\dvt_eclipse\predefined_projects\libs\uvm-1.2\src\tlm1\uvm_analysis_port.svh [5 ms, 156 lines, SystemVerilog_2012] ...
Loading (80) C:\dvt_eclipse\predefined_projects\libs\uvm-1.2\src\tlm1\uvm_tlm_fifo_base.svh ...
Done C:\dvt_eclipse\predefined_projects\libs\uvm-1.2\src\tlm1\uvm_tlm_fifo_base.svh [2 ms, 253 lines, SystemVerilog_2012] ...
Loading (81) C:\dvt_eclipse\predefined_projects\libs\uvm-1.2\src\tlm1\uvm_tlm_fifos.svh ...
Done C:\dvt_eclipse\predefined_projects\libs\uvm-1.2\src\tlm1\uvm_tlm_fifos.svh [2 ms, 239 lines, SystemVerilog_2012] ...
Loading (82) C:\dvt_eclipse\predefined_projects\libs\uvm-1.2\src\tlm1\uvm_tlm_req_rsp.svh ...
Done C:\dvt_eclipse\predefined_projects\libs\uvm-1.2\src\tlm1\uvm_tlm_req_rsp.svh [3 ms, 349 lines, SystemVerilog_2012] ...
Loading (83) C:\dvt_eclipse\predefined_projects\libs\uvm-1.2\src\tlm1\uvm_sqr_connections.svh ...
Done C:\dvt_eclipse\predefined_projects\libs\uvm-1.2\src\tlm1\uvm_sqr_connections.svh [3 ms, 84 lines, SystemVerilog_2012] ...
Done C:\dvt_eclipse\predefined_projects\libs\uvm-1.2\src\tlm1\uvm_tlm.svh [0 ms, 40 lines, SystemVerilog_2012] ...
Loading (84) C:\dvt_eclipse\predefined_projects\libs\uvm-1.2\src\comps\uvm_comps.svh ...
Loading (85) C:\dvt_eclipse\predefined_projects\libs\uvm-1.2\src\comps\uvm_pair.svh ...
Done C:\dvt_eclipse\predefined_projects\libs\uvm-1.2\src\comps\uvm_pair.svh [4 ms, 171 lines, SystemVerilog_2012] ...
Loading (86) C:\dvt_eclipse\predefined_projects\libs\uvm-1.2\src\comps\uvm_policies.svh ...
Done C:\dvt_eclipse\predefined_projects\libs\uvm-1.2\src\comps\uvm_policies.svh [1 ms, 142 lines, SystemVerilog_2012] ...
Loading (87) C:\dvt_eclipse\predefined_projects\libs\uvm-1.2\src\comps\uvm_in_order_comparator.svh ...
Done C:\dvt_eclipse\predefined_projects\libs\uvm-1.2\src\comps\uvm_in_order_comparator.svh [2 ms, 260 lines, SystemVerilog_2012] ...
Loading (88) C:\dvt_eclipse\predefined_projects\libs\uvm-1.2\src\comps\uvm_algorithmic_comparator.svh ...
Done C:\dvt_eclipse\predefined_projects\libs\uvm-1.2\src\comps\uvm_algorithmic_comparator.svh [1 ms, 135 lines, SystemVerilog_2012] ...
Loading (89) C:\dvt_eclipse\predefined_projects\libs\uvm-1.2\src\comps\uvm_random_stimulus.svh ...
Done C:\dvt_eclipse\predefined_projects\libs\uvm-1.2\src\comps\uvm_random_stimulus.svh [1 ms, 132 lines, SystemVerilog_2012] ...
Loading (90) C:\dvt_eclipse\predefined_projects\libs\uvm-1.2\src\comps\uvm_subscriber.svh ...
Done C:\dvt_eclipse\predefined_projects\libs\uvm-1.2\src\comps\uvm_subscriber.svh [1 ms, 68 lines, SystemVerilog_2012] ...
Loading (91) C:\dvt_eclipse\predefined_projects\libs\uvm-1.2\src\comps\uvm_monitor.svh ...
Done C:\dvt_eclipse\predefined_projects\libs\uvm-1.2\src\comps\uvm_monitor.svh [0 ms, 54 lines, SystemVerilog_2012] ...
Loading (92) C:\dvt_eclipse\predefined_projects\libs\uvm-1.2\src\comps\uvm_driver.svh ...
Done C:\dvt_eclipse\predefined_projects\libs\uvm-1.2\src\comps\uvm_driver.svh [1 ms, 89 lines, SystemVerilog_2012] ...
Loading (93) C:\dvt_eclipse\predefined_projects\libs\uvm-1.2\src\comps\uvm_push_driver.svh ...
Done C:\dvt_eclipse\predefined_projects\libs\uvm-1.2\src\comps\uvm_push_driver.svh [1 ms, 97 lines, SystemVerilog_2012] ...
Loading (94) C:\dvt_eclipse\predefined_projects\libs\uvm-1.2\src\comps\uvm_scoreboard.svh ...
Done C:\dvt_eclipse\predefined_projects\libs\uvm-1.2\src\comps\uvm_scoreboard.svh [0 ms, 56 lines, SystemVerilog_2012] ...
Loading (95) C:\dvt_eclipse\predefined_projects\libs\uvm-1.2\src\comps\uvm_agent.svh ...
Done C:\dvt_eclipse\predefined_projects\libs\uvm-1.2\src\comps\uvm_agent.svh [1 ms, 136 lines, SystemVerilog_2012] ...
Loading (96) C:\dvt_eclipse\predefined_projects\libs\uvm-1.2\src\comps\uvm_env.svh ...
Done C:\dvt_eclipse\predefined_projects\libs\uvm-1.2\src\comps\uvm_env.svh [1 ms, 54 lines, SystemVerilog_2012] ...
Loading (97) C:\dvt_eclipse\predefined_projects\libs\uvm-1.2\src\comps\uvm_test.svh ...
Done C:\dvt_eclipse\predefined_projects\libs\uvm-1.2\src\comps\uvm_test.svh [0 ms, 82 lines, SystemVerilog_2012] ...
Done C:\dvt_eclipse\predefined_projects\libs\uvm-1.2\src\comps\uvm_comps.svh [0 ms, 37 lines, SystemVerilog_2012] ...
Loading (98) C:\dvt_eclipse\predefined_projects\libs\uvm-1.2\src\seq\uvm_seq.svh ...
Loading (99) C:\dvt_eclipse\predefined_projects\libs\uvm-1.2\src\seq\uvm_sequence_item.svh ...
Done C:\dvt_eclipse\predefined_projects\libs\uvm-1.2\src\seq\uvm_sequence_item.svh [5 ms, 498 lines, SystemVerilog_2012] ...
Loading (100) C:\dvt_eclipse\predefined_projects\libs\uvm-1.2\src\seq\uvm_sequencer_base.svh ...
Done C:\dvt_eclipse\predefined_projects\libs\uvm-1.2\src\seq\uvm_sequencer_base.svh [37 ms, 1775 lines, SystemVerilog_2012] ...
Loading (101) C:\dvt_eclipse\predefined_projects\libs\uvm-1.2\src\seq\uvm_sequencer_analysis_fifo.svh ...
Done C:\dvt_eclipse\predefined_projects\libs\uvm-1.2\src\seq\uvm_sequencer_analysis_fifo.svh [2 ms, 39 lines, SystemVerilog_2012] ...
Loading (102) C:\dvt_eclipse\predefined_projects\libs\uvm-1.2\src\seq\uvm_sequencer_param_base.svh ...
Done C:\dvt_eclipse\predefined_projects\libs\uvm-1.2\src\seq\uvm_sequencer_param_base.svh [4 ms, 460 lines, SystemVerilog_2012] ...
Loading (103) C:\dvt_eclipse\predefined_projects\libs\uvm-1.2\src\seq\uvm_sequencer.svh ...
Done C:\dvt_eclipse\predefined_projects\libs\uvm-1.2\src\seq\uvm_sequencer.svh [3 ms, 347 lines, SystemVerilog_2012] ...
Loading (104) C:\dvt_eclipse\predefined_projects\libs\uvm-1.2\src\seq\uvm_push_sequencer.svh ...
Done C:\dvt_eclipse\predefined_projects\libs\uvm-1.2\src\seq\uvm_push_sequencer.svh [0 ms, 85 lines, SystemVerilog_2012] ...
Loading (105) C:\dvt_eclipse\predefined_projects\libs\uvm-1.2\src\seq\uvm_sequence_base.svh ...
Done C:\dvt_eclipse\predefined_projects\libs\uvm-1.2\src\seq\uvm_sequence_base.svh [17 ms, 1405 lines, SystemVerilog_2012] ...
Loading (106) C:\dvt_eclipse\predefined_projects\libs\uvm-1.2\src\seq\uvm_sequence.svh ...
Done C:\dvt_eclipse\predefined_projects\libs\uvm-1.2\src\seq\uvm_sequence.svh [3 ms, 148 lines, SystemVerilog_2012] ...
Loading (107) C:\dvt_eclipse\predefined_projects\libs\uvm-1.2\src\seq\uvm_sequence_library.svh ...
Done C:\dvt_eclipse\predefined_projects\libs\uvm-1.2\src\seq\uvm_sequence_library.svh [13 ms, 813 lines, SystemVerilog_2012] ...
Loading (108) C:\dvt_eclipse\predefined_projects\libs\uvm-1.2\src\seq\uvm_sequence_builtin.svh ...
Done C:\dvt_eclipse\predefined_projects\libs\uvm-1.2\src\seq\uvm_sequence_builtin.svh [4 ms, 301 lines, SystemVerilog_2012] ...
Done C:\dvt_eclipse\predefined_projects\libs\uvm-1.2\src\seq\uvm_seq.svh [0 ms, 40 lines, SystemVerilog_2012] ...
Loading (109) C:\dvt_eclipse\predefined_projects\libs\uvm-1.2\src\tlm2\uvm_tlm2.svh ...
Loading (110) C:\dvt_eclipse\predefined_projects\libs\uvm-1.2\src\tlm2\uvm_tlm2_defines.svh ...
Done C:\dvt_eclipse\predefined_projects\libs\uvm-1.2\src\tlm2\uvm_tlm2_defines.svh [0 ms, 45 lines, SystemVerilog_2012] ...
Loading (111) C:\dvt_eclipse\predefined_projects\libs\uvm-1.2\src\tlm2\uvm_tlm2_time.svh ...
Done C:\dvt_eclipse\predefined_projects\libs\uvm-1.2\src\tlm2\uvm_tlm2_time.svh [2 ms, 333 lines, SystemVerilog_2012] ...
Loading (112) C:\dvt_eclipse\predefined_projects\libs\uvm-1.2\src\tlm2\uvm_tlm2_generic_payload.svh ...
Done C:\dvt_eclipse\predefined_projects\libs\uvm-1.2\src\tlm2\uvm_tlm2_generic_payload.svh [19 ms, 1053 lines, SystemVerilog_2012] ...
Loading (113) C:\dvt_eclipse\predefined_projects\libs\uvm-1.2\src\tlm2\uvm_tlm2_ifs.svh ...
Done C:\dvt_eclipse\predefined_projects\libs\uvm-1.2\src\tlm2\uvm_tlm2_ifs.svh [1 ms, 178 lines, SystemVerilog_2012] ...
Loading (114) C:\dvt_eclipse\predefined_projects\libs\uvm-1.2\src\tlm2\uvm_tlm2_imps.svh ...
Done C:\dvt_eclipse\predefined_projects\libs\uvm-1.2\src\tlm2\uvm_tlm2_imps.svh [2 ms, 203 lines, SystemVerilog_2012] ...
Loading (115) C:\dvt_eclipse\predefined_projects\libs\uvm-1.2\src\tlm2\uvm_tlm2_ports.svh ...
Done C:\dvt_eclipse\predefined_projects\libs\uvm-1.2\src\tlm2\uvm_tlm2_ports.svh [2 ms, 75 lines, SystemVerilog_2012] ...
Loading (116) C:\dvt_eclipse\predefined_projects\libs\uvm-1.2\src\tlm2\uvm_tlm2_exports.svh ...
Done C:\dvt_eclipse\predefined_projects\libs\uvm-1.2\src\tlm2\uvm_tlm2_exports.svh [1 ms, 65 lines, SystemVerilog_2012] ...
Loading (117) C:\dvt_eclipse\predefined_projects\libs\uvm-1.2\src\tlm2\uvm_tlm2_sockets_base.svh ...
Done C:\dvt_eclipse\predefined_projects\libs\uvm-1.2\src\tlm2\uvm_tlm2_sockets_base.svh [6 ms, 195 lines, SystemVerilog_2012] ...
Loading (118) C:\dvt_eclipse\predefined_projects\libs\uvm-1.2\src\tlm2\uvm_tlm2_sockets.svh ...
Done C:\dvt_eclipse\predefined_projects\libs\uvm-1.2\src\tlm2\uvm_tlm2_sockets.svh [7 ms, 435 lines, SystemVerilog_2012] ...
Done C:\dvt_eclipse\predefined_projects\libs\uvm-1.2\src\tlm2\uvm_tlm2.svh [0 ms, 30 lines, SystemVerilog_2012] ...
Loading (119) C:\dvt_eclipse\predefined_projects\libs\uvm-1.2\src\reg\uvm_reg_model.svh ...
Loading (120) C:\dvt_eclipse\predefined_projects\libs\uvm-1.2\src\reg\uvm_reg_item.svh ...
Done C:\dvt_eclipse\predefined_projects\libs\uvm-1.2\src\reg\uvm_reg_item.svh [5 ms, 316 lines, SystemVerilog_2012] ...
Loading (121) C:\dvt_eclipse\predefined_projects\libs\uvm-1.2\src\reg\uvm_reg_adapter.svh ...
Done C:\dvt_eclipse\predefined_projects\libs\uvm-1.2\src\reg\uvm_reg_adapter.svh [3 ms, 254 lines, SystemVerilog_2012] ...
Loading (122) C:\dvt_eclipse\predefined_projects\libs\uvm-1.2\src\reg\uvm_reg_predictor.svh ...
Done C:\dvt_eclipse\predefined_projects\libs\uvm-1.2\src\reg\uvm_reg_predictor.svh [16 ms, 265 lines, SystemVerilog_2012] ...
Loading (123) C:\dvt_eclipse\predefined_projects\libs\uvm-1.2\src\reg\uvm_reg_sequence.svh ...
Done C:\dvt_eclipse\predefined_projects\libs\uvm-1.2\src\reg\uvm_reg_sequence.svh [7 ms, 548 lines, SystemVerilog_2012] ...
Loading (124) C:\dvt_eclipse\predefined_projects\libs\uvm-1.2\src\reg\uvm_reg_cbs.svh ...
Done C:\dvt_eclipse\predefined_projects\libs\uvm-1.2\src\reg\uvm_reg_cbs.svh [5 ms, 530 lines, SystemVerilog_2012] ...
Loading (125) C:\dvt_eclipse\predefined_projects\libs\uvm-1.2\src\reg\uvm_reg_backdoor.svh ...
Done C:\dvt_eclipse\predefined_projects\libs\uvm-1.2\src\reg\uvm_reg_backdoor.svh [4 ms, 348 lines, SystemVerilog_2012] ...
Loading (126) C:\dvt_eclipse\predefined_projects\libs\uvm-1.2\src\reg\uvm_reg_field.svh ...
Done C:\dvt_eclipse\predefined_projects\libs\uvm-1.2\src\reg\uvm_reg_field.svh [16 ms, 2013 lines, SystemVerilog_2012] ...
Loading (127) C:\dvt_eclipse\predefined_projects\libs\uvm-1.2\src\reg\uvm_vreg_field.svh ...
Done C:\dvt_eclipse\predefined_projects\libs\uvm-1.2\src\reg\uvm_vreg_field.svh [9 ms, 1005 lines, SystemVerilog_2012] ...
Loading (128) C:\dvt_eclipse\predefined_projects\libs\uvm-1.2\src\reg\uvm_reg.svh ...
Done C:\dvt_eclipse\predefined_projects\libs\uvm-1.2\src\reg\uvm_reg.svh [48 ms, 3102 lines, SystemVerilog_2012] ...
Loading (129) C:\dvt_eclipse\predefined_projects\libs\uvm-1.2\src\reg\uvm_reg_indirect.svh ...
Done C:\dvt_eclipse\predefined_projects\libs\uvm-1.2\src\reg\uvm_reg_indirect.svh [6 ms, 330 lines, SystemVerilog_2012] ...
Loading (130) C:\dvt_eclipse\predefined_projects\libs\uvm-1.2\src\reg\uvm_reg_fifo.svh ...
Done C:\dvt_eclipse\predefined_projects\libs\uvm-1.2\src\reg\uvm_reg_fifo.svh [2 ms, 311 lines, SystemVerilog_2012] ...
Loading (131) C:\dvt_eclipse\predefined_projects\libs\uvm-1.2\src\reg\uvm_reg_file.svh ...
Done C:\dvt_eclipse\predefined_projects\libs\uvm-1.2\src\reg\uvm_reg_file.svh [10 ms, 501 lines, SystemVerilog_2012] ...
Loading (132) C:\dvt_eclipse\predefined_projects\libs\uvm-1.2\src\reg\uvm_mem_mam.svh ...
Done C:\dvt_eclipse\predefined_projects\libs\uvm-1.2\src\reg\uvm_mem_mam.svh [12 ms, 1019 lines, SystemVerilog_2012] ...
Loading (133) C:\dvt_eclipse\predefined_projects\libs\uvm-1.2\src\reg\uvm_vreg.svh ...
Done C:\dvt_eclipse\predefined_projects\libs\uvm-1.2\src\reg\uvm_vreg.svh [29 ms, 1554 lines, SystemVerilog_2012] ...
Loading (134) C:\dvt_eclipse\predefined_projects\libs\uvm-1.2\src\reg\uvm_mem.svh ...
Done C:\dvt_eclipse\predefined_projects\libs\uvm-1.2\src\reg\uvm_mem.svh [49 ms, 2410 lines, SystemVerilog_2012] ...
Loading (135) C:\dvt_eclipse\predefined_projects\libs\uvm-1.2\src\reg\uvm_reg_map.svh ...
Done C:\dvt_eclipse\predefined_projects\libs\uvm-1.2\src\reg\uvm_reg_map.svh [72 ms, 2225 lines, SystemVerilog_2012] ...
Loading (136) C:\dvt_eclipse\predefined_projects\libs\uvm-1.2\src\reg\uvm_reg_block.svh ...
Done C:\dvt_eclipse\predefined_projects\libs\uvm-1.2\src\reg\uvm_reg_block.svh [34 ms, 2272 lines, SystemVerilog_2012] ...
Loading (137) C:\dvt_eclipse\predefined_projects\libs\uvm-1.2\src\reg\sequences\uvm_reg_hw_reset_seq.svh ...
Done C:\dvt_eclipse\predefined_projects\libs\uvm-1.2\src\reg\sequences\uvm_reg_hw_reset_seq.svh [4 ms, 172 lines, SystemVerilog_2012] ...
Loading (138) C:\dvt_eclipse\predefined_projects\libs\uvm-1.2\src\reg\sequences\uvm_reg_bit_bash_seq.svh ...
Done C:\dvt_eclipse\predefined_projects\libs\uvm-1.2\src\reg\sequences\uvm_reg_bit_bash_seq.svh [6 ms, 303 lines, SystemVerilog_2012] ...
Loading (139) C:\dvt_eclipse\predefined_projects\libs\uvm-1.2\src\reg\sequences\uvm_mem_walk_seq.svh ...
Done C:\dvt_eclipse\predefined_projects\libs\uvm-1.2\src\reg\sequences\uvm_mem_walk_seq.svh [9 ms, 300 lines, SystemVerilog_2012] ...
Loading (140) C:\dvt_eclipse\predefined_projects\libs\uvm-1.2\src\reg\sequences\uvm_mem_access_seq.svh ...
Done C:\dvt_eclipse\predefined_projects\libs\uvm-1.2\src\reg\sequences\uvm_mem_access_seq.svh [8 ms, 308 lines, SystemVerilog_2012] ...
Loading (141) C:\dvt_eclipse\predefined_projects\libs\uvm-1.2\src\reg\sequences\uvm_reg_access_seq.svh ...
Done C:\dvt_eclipse\predefined_projects\libs\uvm-1.2\src\reg\sequences\uvm_reg_access_seq.svh [6 ms, 366 lines, SystemVerilog_2012] ...
Loading (142) C:\dvt_eclipse\predefined_projects\libs\uvm-1.2\src\reg\sequences\uvm_reg_mem_shared_access_seq.svh ...
Done C:\dvt_eclipse\predefined_projects\libs\uvm-1.2\src\reg\sequences\uvm_reg_mem_shared_access_seq.svh [0 ms, 486 lines, SystemVerilog_2012] ...
Loading (143) C:\dvt_eclipse\predefined_projects\libs\uvm-1.2\src\reg\sequences\uvm_reg_mem_built_in_seq.svh ...
Done C:\dvt_eclipse\predefined_projects\libs\uvm-1.2\src\reg\sequences\uvm_reg_mem_built_in_seq.svh [16 ms, 139 lines, SystemVerilog_2012] ...
Loading (144) C:\dvt_eclipse\predefined_projects\libs\uvm-1.2\src\reg\sequences\uvm_reg_mem_hdl_paths_seq.svh ...
Done C:\dvt_eclipse\predefined_projects\libs\uvm-1.2\src\reg\sequences\uvm_reg_mem_hdl_paths_seq.svh [0 ms, 175 lines, SystemVerilog_2012] ...
Done C:\dvt_eclipse\predefined_projects\libs\uvm-1.2\src\reg\uvm_reg_model.svh [0 ms, 444 lines, SystemVerilog_2012] ...
Done C:\dvt_eclipse\predefined_projects\libs\uvm-1.2\src\uvm_pkg.sv [0 ms, 43 lines, SystemVerilog_2012] ...
Loading (145) C:\Users\PM\Documents\GitHub\BUS_UVM\src\spp\rtl\module__sync.sv ...
Done C:\Users\PM\Documents\GitHub\BUS_UVM\src\spp\rtl\module__sync.sv [0 ms, 34 lines, SystemVerilog_2012] ...
Loading (146) C:\Users\PM\Documents\GitHub\BUS_UVM\src\util\base\package__base.sv ...
Loading (147) C:\Users\PM\Documents\GitHub\BUS_UVM\src\util\base\base_macros.svh ...
Done C:\Users\PM\Documents\GitHub\BUS_UVM\src\util\base\base_macros.svh [0 ms, 49 lines, SystemVerilog_2012] ...
Loading (148) C:\Users\PM\Documents\GitHub\BUS_UVM\src\bus\__stop.vi ...
Done C:\Users\PM\Documents\GitHub\BUS_UVM\src\bus\__stop.vi [0 ms, 2 lines, SystemVerilog_2009] ...
Loading (149) C:\Users\PM\Documents\GitHub\BUS_UVM\src\bus\__stop.vi ...
Done C:\Users\PM\Documents\GitHub\BUS_UVM\src\bus\__stop.vi [0 ms, 2 lines, SystemVerilog_2009] ...
Done C:\Users\PM\Documents\GitHub\BUS_UVM\src\util\base\package__base.sv [0 ms, 148 lines, SystemVerilog_2012] ...
Loading (150) C:\Users\PM\Documents\GitHub\BUS_UVM\src\bus\package__bus.sv ...
Skip (optimized) C:\dvt_eclipse\predefined_projects\libs\uvm-1.2\src\uvm_macros.svh ...
Loading (151) C:\Users\PM\Documents\GitHub\BUS_UVM\src\util\base\base_macros.svh ...
Done C:\Users\PM\Documents\GitHub\BUS_UVM\src\util\base\base_macros.svh [0 ms, 49 lines, SystemVerilog_2012] ...
Loading (152) C:\Users\PM\Documents\GitHub\BUS_UVM\src\bus\class__bus_transaction.sv ...
Done C:\Users\PM\Documents\GitHub\BUS_UVM\src\bus\class__bus_transaction.sv [21 ms, 44 lines, SystemVerilog_2012] ...
Loading (153) C:\Users\PM\Documents\GitHub\BUS_UVM\src\bus\class__bus_sequence.sv ...
Done C:\Users\PM\Documents\GitHub\BUS_UVM\src\bus\class__bus_sequence.sv [7 ms, 52 lines, SystemVerilog_2012] ...
Loading (154) C:\Users\PM\Documents\GitHub\BUS_UVM\src\bus\class__bus_sequencer.sv ...
Done C:\Users\PM\Documents\GitHub\BUS_UVM\src\bus\class__bus_sequencer.sv [2 ms, 31 lines, SystemVerilog_2012] ...
Loading (155) C:\Users\PM\Documents\GitHub\BUS_UVM\src\bus\class__bus_driver.sv ...
Done C:\Users\PM\Documents\GitHub\BUS_UVM\src\bus\class__bus_driver.sv [3 ms, 84 lines, SystemVerilog_2012] ...
Loading (156) C:\Users\PM\Documents\GitHub\BUS_UVM\src\bus\class__bus_monitor.sv ...
Done C:\Users\PM\Documents\GitHub\BUS_UVM\src\bus\class__bus_monitor.sv [0 ms, 27 lines, SystemVerilog_2012] ...
Loading (157) C:\Users\PM\Documents\GitHub\BUS_UVM\src\bus\class__bus_agent.sv ...
Done C:\Users\PM\Documents\GitHub\BUS_UVM\src\bus\class__bus_agent.sv [2 ms, 52 lines, SystemVerilog_2012] ...
Loading (158) C:\Users\PM\Documents\GitHub\BUS_UVM\src\bus\memory_inf.sv ...
Done C:\Users\PM\Documents\GitHub\BUS_UVM\src\bus\memory_inf.sv [0 ms, 10 lines, SystemVerilog_2012] ...
Loading (159) C:\Users\PM\Documents\GitHub\BUS_UVM\src\spp\bus_env.sv ...
Done C:\Users\PM\Documents\GitHub\BUS_UVM\src\spp\bus_env.sv [2 ms, 54 lines, SystemVerilog_2012] ...
Loading (160) C:\Users\PM\Documents\GitHub\BUS_UVM\test\class__bus_sample_test.sv ...
Done C:\Users\PM\Documents\GitHub\BUS_UVM\test\class__bus_sample_test.sv [2 ms, 58 lines, SystemVerilog_2012] ...
Loading (161) C:\Users\PM\Documents\GitHub\BUS_UVM\src\bus\class__bus_container.sv ...
Done C:\Users\PM\Documents\GitHub\BUS_UVM\src\bus\class__bus_container.sv [2 ms, 32 lines, SystemVerilog_2012] ...
Loading (162) C:\Users\PM\Documents\GitHub\BUS_UVM\src\bus\class__switch_memory.sv ...
Done C:\Users\PM\Documents\GitHub\BUS_UVM\src\bus\class__switch_memory.sv [1 ms, 31 lines, SystemVerilog_2012] ...
Done C:\Users\PM\Documents\GitHub\BUS_UVM\src\bus\package__bus.sv [0 ms, 50 lines, SystemVerilog_2012] ...
Loading (163) C:\Users\PM\Documents\GitHub\BUS_UVM\test\bus_testbench.sv ...
Skip (optimized) C:\dvt_eclipse\predefined_projects\libs\uvm-1.2\src\uvm_macros.svh ...
Done C:\Users\PM\Documents\GitHub\BUS_UVM\test\bus_testbench.sv [1 ms, 35 lines, SystemVerilog_2012] ...
*** Done invocation #1 [1249 ms] ***
*** Done parsing [LT 990.0 ms, PT 1249.0 ms] ***
*** Total number of lines [76 643] ***
*** Warning: SYSTEM_VERILOG_2012: Expecting `endif label 'UVM_CMDLINE_PROCESSOR_SV' found 'UVM_CMDLINE_PROC_PKG_SV'
    at line 460 in C:\dvt_eclipse\predefined_projects\libs\uvm-1.2\src\base\uvm_cmdline_processor.svh [compile index 1][invocation 1]
Performing post full build actions ...
Performing post full build step 1 (SRI) [1 ms] ...
Performing post full build step 2 (RI) [9 ms] ...
Performing post full build step 3 (RCP) [18 ms] ...
*** Done SystemVerilog build [1s.283ms] ***

*** Start mixed mode extension build ***
Performing mixed post full build step (VLOG - RI) [9 ms] ...
*** Warning: UNSPECIFIED_TOP: Please specify a -top module/entity/configuration in the project build file
Performing mixed post full build step (MIXED - ELAB) [206 ms] ...
Performing mixed post full build step (MIXED - UNEL) [62 ms] ...
Performing mixed post full build step (VLOG - RD) [21 ms] ...
Performing mixed post full build step (VLOG - FSC) [573 ms] ...
Performing mixed post full build step (VLOG - EV) [493 ms] ...
Performing mixed post full build step (VLOG - ELPC) [52 ms] ...
Performing mixed post full build step (VLOG - US) [53 ms] ...
*** Warning: UNUSED_RETURN_VALUE: The return value of function 'randomize' is not used
    at line 32 in C:\Users\PM\Documents\GitHub\BUS_UVM\src\bus\class__bus_sequence.sv [compile index 154]
*** Warning: WIDTH_MISMATCH_PADDING: Assignment to 'value' of '4096-bit' type from 'm_quit_count' of '32-bit' type
    at line 336 in C:\dvt_eclipse\predefined_projects\libs\uvm-1.2\src\base\uvm_report_server.svh [compile index 48]
*** Warning: WIDTH_MISMATCH_PADDING: Assignment to 'value' of '4096-bit' type from 'm_max_quit_count' of '32-bit' type
    at line 338 in C:\dvt_eclipse\predefined_projects\libs\uvm-1.2\src\base\uvm_report_server.svh [compile index 48]
*** Warning: WIDTH_MISMATCH_PADDING: Assignment to 'value' of '4096-bit' type from 'max_quit_overridable' of '1-bit' type
    at line 340 in C:\dvt_eclipse\predefined_projects\libs\uvm-1.2\src\base\uvm_report_server.svh [compile index 48]
*** Warning: WIDTH_MISMATCH_PADDING: Assignment to 'value' of '4096-bit' type from 'm_severity_count[l_severity_co...' of '32-bit' type
    at line 347 in C:\dvt_eclipse\predefined_projects\libs\uvm-1.2\src\base\uvm_report_server.svh [compile index 48]
*** Warning: WIDTH_MISMATCH_PADDING: Assignment to 'value' of '4096-bit' type from 'm_id_count[l_id_count_index]' of '32-bit' type
    at line 356 in C:\dvt_eclipse\predefined_projects\libs\uvm-1.2\src\base\uvm_report_server.svh [compile index 48]
*** Warning: WIDTH_MISMATCH_PADDING: Assignment to 'value' of '4096-bit' type from 'enable_report_id_count_summary' of '1-bit' type
    at line 361 in C:\dvt_eclipse\predefined_projects\libs\uvm-1.2\src\base\uvm_report_server.svh [compile index 48]
*** Warning: WIDTH_MISMATCH_PADDING: Assignment to 'value' of '4096-bit' type from 'record_all_messages' of '1-bit' type
    at line 363 in C:\dvt_eclipse\predefined_projects\libs\uvm-1.2\src\base\uvm_report_server.svh [compile index 48]
*** Warning: WIDTH_MISMATCH_PADDING: Assignment to 'value' of '4096-bit' type from 'show_verbosity' of '1-bit' type
    at line 365 in C:\dvt_eclipse\predefined_projects\libs\uvm-1.2\src\base\uvm_report_server.svh [compile index 48]
*** Warning: WIDTH_MISMATCH_PADDING: Assignment to 'value' of '4096-bit' type from 'show_terminator' of '1-bit' type
    at line 367 in C:\dvt_eclipse\predefined_projects\libs\uvm-1.2\src\base\uvm_report_server.svh [compile index 48]
*** Warning: WIDTH_MISMATCH_TRUNCATION: Assignment to 'report_ok' of '1-bit' type from 'uvm_report_catcher::process_al...' of '32-bit' type
    at line 588 in C:\dvt_eclipse\predefined_projects\libs\uvm-1.2\src\base\uvm_report_server.svh [compile index 48]
*** Warning: WIDTH_MISMATCH_TRUNCATION: Assignment to 'replace' of '1-bit' type from 'replace' of '32-bit' type
    at line 789 in C:\dvt_eclipse\predefined_projects\libs\uvm-1.2\src\base\uvm_root.svh [compile index 60]
*** Warning: WIDTH_MISMATCH_PADDING: Assignment to 'v' of '4096-bit' type from 'extval.atobin()' of '32-bit' type
    at line 830 in C:\dvt_eclipse\predefined_projects\libs\uvm-1.2\src\base\uvm_root.svh [compile index 60]
*** Warning: WIDTH_MISMATCH_PADDING: Assignment to 'v' of '4096-bit' type from 'extval.atobin()' of '32-bit' type
    at line 831 in C:\dvt_eclipse\predefined_projects\libs\uvm-1.2\src\base\uvm_root.svh [compile index 60]
*** Warning: WIDTH_MISMATCH_PADDING: Assignment to 'v' of '4096-bit' type from 'extval.atooct()' of '32-bit' type
    at line 832 in C:\dvt_eclipse\predefined_projects\libs\uvm-1.2\src\base\uvm_root.svh [compile index 60]
*** Warning: WIDTH_MISMATCH_PADDING: Assignment to 'v' of '4096-bit' type from 'extval.atoi()' of '32-bit' type
    at line 833 in C:\dvt_eclipse\predefined_projects\libs\uvm-1.2\src\base\uvm_root.svh [compile index 60]
*** Warning: WIDTH_MISMATCH_PADDING: Assignment to 'v' of '4096-bit' type from 'extval.atohex()' of '32-bit' type
    at line 834 in C:\dvt_eclipse\predefined_projects\libs\uvm-1.2\src\base\uvm_root.svh [compile index 60]
*** Warning: WIDTH_MISMATCH_PADDING: Assignment to 'v' of '4096-bit' type from 'extval.atohex()' of '32-bit' type
    at line 835 in C:\dvt_eclipse\predefined_projects\libs\uvm-1.2\src\base\uvm_root.svh [compile index 60]
*** Warning: WIDTH_MISMATCH_PADDING: Assignment to 'v' of '4096-bit' type from 'extval.atohex()' of '32-bit' type
    at line 836 in C:\dvt_eclipse\predefined_projects\libs\uvm-1.2\src\base\uvm_root.svh [compile index 60]
*** Warning: WIDTH_MISMATCH_PADDING: Assignment to 'v' of '4096-bit' type from 'split_val[2].atoi()' of '32-bit' type
    at line 837 in C:\dvt_eclipse\predefined_projects\libs\uvm-1.2\src\base\uvm_root.svh [compile index 60]
*** Warning: WIDTH_MISMATCH_PADDING: Assignment to 'v' of '4096-bit' type from 'split_val[2].atoi()' of '32-bit' type
    at line 841 in C:\dvt_eclipse\predefined_projects\libs\uvm-1.2\src\base\uvm_root.svh [compile index 60]
*** Warning: WIDTH_MISMATCH_PADDING: Assignment to 'verbosity' of '32-bit' type from 'UVM_INFO' of '2-bit' type
    at line 3146 in C:\dvt_eclipse\predefined_projects\libs\uvm-1.2\src\base\uvm_component.svh [compile index 59]
*** Warning: WIDTH_MISMATCH_PADDING: Assignment to 'verbosity' of '32-bit' type from 'UVM_INFO' of '2-bit' type
    at line 3272 in C:\dvt_eclipse\predefined_projects\libs\uvm-1.2\src\base\uvm_component.svh [compile index 59]
*** Warning: WIDTH_MISMATCH_PADDING: Assignment to 'value' of '64-bit' type from 'recording_detail' of '32-bit' type
    at line 3328 in C:\dvt_eclipse\predefined_projects\libs\uvm-1.2\src\base\uvm_component.svh [compile index 59]
*** Warning: WIDTH_MISMATCH_PADDING: Assignment to 'value' of '64-bit' type from 'enable_stop_interrupt' of '32-bit' type
    at line 3334 in C:\dvt_eclipse\predefined_projects\libs\uvm-1.2\src\base\uvm_component.svh [compile index 59]
*** Warning: WIDTH_MISMATCH_TRUNCATION: Assignment to 'recording_detail' of '32-bit' type from 'value' of '4096-bit' type
    at line 3353 in C:\dvt_eclipse\predefined_projects\libs\uvm-1.2\src\base\uvm_component.svh [compile index 59]
*** Warning: WIDTH_MISMATCH_PADDING: Assignment to 'offset' of '64-bit' type from 'args[4].atoi()' of '32-bit' type
    at line 3409 in C:\dvt_eclipse\predefined_projects\libs\uvm-1.2\src\base\uvm_component.svh [compile index 59]
*** Warning: WIDTH_MISMATCH_TRUNCATION: Returning 'q.size()' of '32-bit' type for function of '1-bit' return type
    at line 193 in C:\dvt_eclipse\predefined_projects\libs\uvm-1.2\src\base\uvm_tr_database.svh [compile index 38]
*** Warning: WIDTH_MISMATCH_TRUNCATION: Assignment to 'lhs' of '64-bit' type from 'lhs' of '4096-bit' type
    at line 151 in C:\dvt_eclipse\predefined_projects\libs\uvm-1.2\src\base\uvm_comparer.svh [compile index 35]
*** Warning: WIDTH_MISMATCH_TRUNCATION: Assignment to 'rhs' of '64-bit' type from 'rhs' of '4096-bit' type
    at line 151 in C:\dvt_eclipse\predefined_projects\libs\uvm-1.2\src\base\uvm_comparer.svh [compile index 35]
*** Warning: WIDTH_MISMATCH_PADDING: Assignment to 'is_non_null' of '8-bit' type from 'm_bits[count +: 4]' of '4-bit' type
    at line 842 in C:\dvt_eclipse\predefined_projects\libs\uvm-1.2\src\base\uvm_packer.svh [compile index 36]
*** Warning: WIDTH_MISMATCH_PADDING: Assignment to 'value' of '64-bit' type from 'threshold' of '32-bit' type
    at line 189 in C:\dvt_eclipse\predefined_projects\libs\uvm-1.2\src\base\uvm_barrier.svh [compile index 43]
*** Warning: WIDTH_MISMATCH_PADDING: Assignment to 'value' of '64-bit' type from 'num_waiters' of '32-bit' type
    at line 190 in C:\dvt_eclipse\predefined_projects\libs\uvm-1.2\src\base\uvm_barrier.svh [compile index 43]
*** Warning: WIDTH_MISMATCH_PADDING: Assignment to 'value' of '64-bit' type from 'at_threshold' of '1-bit' type
    at line 191 in C:\dvt_eclipse\predefined_projects\libs\uvm-1.2\src\base\uvm_barrier.svh [compile index 43]
*** Warning: WIDTH_MISMATCH_PADDING: Assignment to 'value' of '64-bit' type from 'auto_reset' of '1-bit' type
    at line 192 in C:\dvt_eclipse\predefined_projects\libs\uvm-1.2\src\base\uvm_barrier.svh [compile index 43]
*** Warning: WIDTH_MISMATCH_TRUNCATION: Returning 'q.size()' of '32-bit' type for function of '1-bit' return type
    at line 378 in C:\dvt_eclipse\predefined_projects\libs\uvm-1.2\src\base\uvm_tr_stream.svh [compile index 39]
*** Warning: WIDTH_MISMATCH_PADDING: Assignment to 'value' of '4096-bit' type from 'm_locked' of '1-bit' type
    at line 169 in C:\dvt_eclipse\predefined_projects\libs\uvm-1.2\src\dap\uvm_simple_lock_dap.svh [compile index 68]
*** Warning: WIDTH_MISMATCH_PADDING: Assignment to 'value' of '64-bit' type from 'm_set' of '1-bit' type
    at line 175 in C:\dvt_eclipse\predefined_projects\libs\uvm-1.2\src\dap\uvm_set_before_get_dap.svh [compile index 70]
*** Warning: WIDTH_MISMATCH_PADDING: Assignment to 'value' of '64-bit' type from 'v' of '32-bit' type
    at line 876 in C:\dvt_eclipse\predefined_projects\libs\uvm-1.2\src\base\uvm_recorder.svh [compile index 40]
*** Warning: WIDTH_MISMATCH_TRUNCATION: Assignment to 'value' of '4096-bit' type from 'uvm_string_to_bits()' of '115200-bit' type
    at line 934 in C:\dvt_eclipse\predefined_projects\libs\uvm-1.2\src\base\uvm_recorder.svh [compile index 40]
*** Warning: WIDTH_MISMATCH_PADDING: Assignment to 'value' of '4096-bit' type from 'value' of '1024-bit' type
    at line 1059 in C:\dvt_eclipse\predefined_projects\libs\uvm-1.2\src\base\uvm_recorder.svh [compile index 40]
*** Warning: WIDTH_MISMATCH_PADDING: Assignment to 'value' of '4096-bit' type from '_verbosity' of '32-bit' type
    at line 564 in C:\dvt_eclipse\predefined_projects\libs\uvm-1.2\src\base\uvm_report_message.svh [compile index 46]
*** Warning: WIDTH_MISMATCH_PADDING: Assignment to 'value' of '4096-bit' type from '_line' of '32-bit' type
    at line 566 in C:\dvt_eclipse\predefined_projects\libs\uvm-1.2\src\base\uvm_report_message.svh [compile index 46]
*** Warning: WIDTH_MISMATCH_PADDING: Assignment to 'value' of '4096-bit' type from '_line' of '32-bit' type
    at line 866 in C:\dvt_eclipse\predefined_projects\libs\uvm-1.2\src\base\uvm_report_message.svh [compile index 46]
*** Warning: WIDTH_MISMATCH_PADDING: Assignment to 'value' of '64-bit' type from 'num_waiters' of '32-bit' type
    at line 216 in C:\dvt_eclipse\predefined_projects\libs\uvm-1.2\src\base\uvm_event.svh [compile index 42]
*** Warning: WIDTH_MISMATCH_PADDING: Assignment to 'value' of '64-bit' type from 'on' of '1-bit' type
    at line 217 in C:\dvt_eclipse\predefined_projects\libs\uvm-1.2\src\base\uvm_event.svh [compile index 42]
*** Warning: WIDTH_MISMATCH_TRUNCATION: Returning '$cast()' of '32-bit' type for function of '1-bit' return type
    at line 204 in C:\dvt_eclipse\predefined_projects\libs\uvm-1.2\src\base\uvm_callback.svh [compile index 44]
*** Warning: WIDTH_MISMATCH_TRUNCATION: Assignment to 'warned' of '1-bit' type from 'm_cb_find_name()' of '32-bit' type
    at line 253 in C:\dvt_eclipse\predefined_projects\libs\uvm-1.2\src\base\uvm_callback.svh [compile index 44]
*** Warning: WIDTH_MISMATCH_TRUNCATION: Returning '$cast()' of '32-bit' type for function of '1-bit' return type
    at line 569 in C:\dvt_eclipse\predefined_projects\libs\uvm-1.2\src\base\uvm_callback.svh [compile index 44]
*** Warning: WIDTH_MISMATCH_PADDING: Assignment to 'value' of '4096-bit' type from 'm_max_verbosity_level' of '32-bit' type
    at line 127 in C:\dvt_eclipse\predefined_projects\libs\uvm-1.2\src\base\uvm_report_handler.svh [compile index 49]
*** Warning: WIDTH_MISMATCH_PADDING: Assignment to 'value' of '4096-bit' type from 'default_file_handle' of '32-bit' type
    at line 253 in C:\dvt_eclipse\predefined_projects\libs\uvm-1.2\src\base\uvm_report_handler.svh [compile index 49]
*** Warning: WIDTH_MISMATCH_PADDING: Assignment to 'value' of '4096-bit' type from 'severity_file_handles[l_severi...' of '32-bit' type
    at line 272 in C:\dvt_eclipse\predefined_projects\libs\uvm-1.2\src\base\uvm_report_handler.svh [compile index 49]
*** Warning: WIDTH_MISMATCH_PADDING: Assignment to 'value' of '4096-bit' type from 'accept_time' of '64-bit' type
    at line 621 in C:\dvt_eclipse\predefined_projects\libs\uvm-1.2\src\base\uvm_transaction.svh [compile index 51]
*** Warning: WIDTH_MISMATCH_PADDING: Assignment to 'value' of '64-bit' type from 'depth' of '32-bit' type
    at line 452 in C:\dvt_eclipse\predefined_projects\libs\uvm-1.2\src\seq\uvm_sequence_item.svh [compile index 99]
*** Warning: WIDTH_MISMATCH_PADDING: Assignment to 'value' of '64-bit' type from 'm_locked' of '1-bit' type
    at line 145 in C:\dvt_eclipse\predefined_projects\libs\uvm-1.2\src\dap\uvm_get_to_lock_dap.svh [compile index 69]
*** Warning: WIDTH_MISMATCH_PADDING: Assignment to 'value' of '64-bit' type from 'm_num_last_reqs' of '32-bit' type
    at line 241 in C:\dvt_eclipse\predefined_projects\libs\uvm-1.2\src\seq\uvm_sequencer_param_base.svh [compile index 102]
*** Warning: WIDTH_MISMATCH_PADDING: Assignment to 'value' of '64-bit' type from 'm_num_last_rsps' of '32-bit' type
    at line 242 in C:\dvt_eclipse\predefined_projects\libs\uvm-1.2\src\seq\uvm_sequencer_param_base.svh [compile index 102]
*** Warning: WIDTH_MISMATCH_PADDING: Assignment to 'value' of '64-bit' type from 'min_random_count' of '32-bit' type
    at line 790 in C:\dvt_eclipse\predefined_projects\libs\uvm-1.2\src\seq\uvm_sequence_library.svh [compile index 107]
*** Warning: WIDTH_MISMATCH_PADDING: Assignment to 'value' of '64-bit' type from 'max_random_count' of '32-bit' type
    at line 791 in C:\dvt_eclipse\predefined_projects\libs\uvm-1.2\src\seq\uvm_sequence_library.svh [compile index 107]
*** Warning: WIDTH_MISMATCH_PADDING: Assignment to 'value' of '64-bit' type from 'sequence_count' of '32-bit' type
    at line 793 in C:\dvt_eclipse\predefined_projects\libs\uvm-1.2\src\seq\uvm_sequence_library.svh [compile index 107]
*** Warning: WIDTH_MISMATCH_PADDING: Assignment to 'value' of '64-bit' type from 'seqs_distrib[typ]' of '32-bit' type
    at line 807 in C:\dvt_eclipse\predefined_projects\libs\uvm-1.2\src\seq\uvm_sequence_library.svh [compile index 107]
*** Warning: WIDTH_MISMATCH_TRUNCATION: Assignment to 'scope_separator' of '8-bit' type from 'UVM_DEC' of '32-bit' type
    at line 807 in C:\dvt_eclipse\predefined_projects\libs\uvm-1.2\src\seq\uvm_sequence_library.svh [compile index 107]
*** Warning: WIDTH_MISMATCH_PADDING: Assignment to 'lhs' of '64-bit' type from 'l_count' of '32-bit' type
    at line 120 in C:\dvt_eclipse\predefined_projects\libs\uvm-1.2\src\seq\uvm_sequence_builtin.svh [compile index 108]
*** Warning: WIDTH_MISMATCH_PADDING: Assignment to 'rhs' of '64-bit' type from 'l_count' of '32-bit' type
    at line 120 in C:\dvt_eclipse\predefined_projects\libs\uvm-1.2\src\seq\uvm_sequence_builtin.svh [compile index 108]
*** Warning: WIDTH_MISMATCH_PADDING: Assignment to 'value' of '64-bit' type from 'l_count' of '32-bit' type
    at line 125 in C:\dvt_eclipse\predefined_projects\libs\uvm-1.2\src\seq\uvm_sequence_builtin.svh [compile index 108]
*** Warning: WIDTH_MISMATCH_PADDING: Assignment to 'value' of '64-bit' type from 'l_count' of '32-bit' type
    at line 129 in C:\dvt_eclipse\predefined_projects\libs\uvm-1.2\src\seq\uvm_sequence_builtin.svh [compile index 108]
*** Warning: WIDTH_MISMATCH_PADDING: Assignment to 'req_kind' of '32-bit' type from 'l_kind' of '10-bit' type
    at line 201 in C:\dvt_eclipse\predefined_projects\libs\uvm-1.2\src\seq\uvm_sequence_builtin.svh [compile index 108]
*** Warning: WIDTH_MISMATCH_PADDING: Assignment to 'lhs' of '64-bit' type from 'l_count' of '32-bit' type
    at line 221 in C:\dvt_eclipse\predefined_projects\libs\uvm-1.2\src\seq\uvm_sequence_builtin.svh [compile index 108]
*** Warning: WIDTH_MISMATCH_PADDING: Assignment to 'rhs' of '64-bit' type from 'l_count' of '32-bit' type
    at line 221 in C:\dvt_eclipse\predefined_projects\libs\uvm-1.2\src\seq\uvm_sequence_builtin.svh [compile index 108]
*** Warning: WIDTH_MISMATCH_PADDING: Assignment to 'value' of '64-bit' type from 'l_count' of '32-bit' type
    at line 226 in C:\dvt_eclipse\predefined_projects\libs\uvm-1.2\src\seq\uvm_sequence_builtin.svh [compile index 108]
*** Warning: WIDTH_MISMATCH_PADDING: Assignment to 'value' of '64-bit' type from 'l_count' of '32-bit' type
    at line 230 in C:\dvt_eclipse\predefined_projects\libs\uvm-1.2\src\seq\uvm_sequence_builtin.svh [compile index 108]
*** Warning: WIDTH_MISMATCH_PADDING: Assignment to 'value' of '64-bit' type from 'm_streaming_width' of '32-bit' type
    at line 393 in C:\dvt_eclipse\predefined_projects\libs\uvm-1.2\src\tlm2\uvm_tlm2_generic_payload.svh [compile index 112]
*** Warning: WIDTH_MISMATCH_TRUNCATION: Assignment to 'm_data[i]' of '8-bit' type from '__var' of '32-bit' type
    at line 549 in C:\dvt_eclipse\predefined_projects\libs\uvm-1.2\src\tlm2\uvm_tlm2_generic_payload.svh [compile index 112]
*** Warning: WIDTH_MISMATCH_TRUNCATION: Assignment to 'm_byte_enable[i]' of '8-bit' type from '__var' of '32-bit' type
    at line 555 in C:\dvt_eclipse\predefined_projects\libs\uvm-1.2\src\tlm2\uvm_tlm2_generic_payload.svh [compile index 112]
*** Warning: WIDTH_MISMATCH_PADDING: Assignment to 'value' of '4096-bit' type from 'm_address' of '64-bit' type
    at line 567 in C:\dvt_eclipse\predefined_projects\libs\uvm-1.2\src\tlm2\uvm_tlm2_generic_payload.svh [compile index 112]
*** Warning: WIDTH_MISMATCH_PADDING: Assignment to 'value' of '4096-bit' type from 'm_length' of '32-bit' type
    at line 569 in C:\dvt_eclipse\predefined_projects\libs\uvm-1.2\src\tlm2\uvm_tlm2_generic_payload.svh [compile index 112]
*** Warning: WIDTH_MISMATCH_PADDING: Assignment to 'value' of '64-bit' type from 'm_length' of '32-bit' type
    at line 569 in C:\dvt_eclipse\predefined_projects\libs\uvm-1.2\src\tlm2\uvm_tlm2_generic_payload.svh [compile index 112]
*** Warning: WIDTH_MISMATCH_PADDING: Assignment to 'value' of '4096-bit' type from 'm_byte_enable_length' of '32-bit' type
    at line 570 in C:\dvt_eclipse\predefined_projects\libs\uvm-1.2\src\tlm2\uvm_tlm2_generic_payload.svh [compile index 112]
*** Warning: WIDTH_MISMATCH_PADDING: Assignment to 'value' of '64-bit' type from 'm_byte_enable_length' of '32-bit' type
    at line 570 in C:\dvt_eclipse\predefined_projects\libs\uvm-1.2\src\tlm2\uvm_tlm2_generic_payload.svh [compile index 112]
*** Warning: WIDTH_MISMATCH_PADDING: Assignment to 'value' of '4096-bit' type from 'm_streaming_width' of '32-bit' type
    at line 572 in C:\dvt_eclipse\predefined_projects\libs\uvm-1.2\src\tlm2\uvm_tlm2_generic_payload.svh [compile index 112]
*** Warning: WIDTH_MISMATCH_PADDING: Assignment to 'value' of '64-bit' type from 'm_streaming_width' of '32-bit' type
    at line 572 in C:\dvt_eclipse\predefined_projects\libs\uvm-1.2\src\tlm2\uvm_tlm2_generic_payload.svh [compile index 112]
*** Warning: WIDTH_MISMATCH_PADDING: Assignment to 'value' of '4096-bit' type from 'm_data[i]' of '8-bit' type
    at line 575 in C:\dvt_eclipse\predefined_projects\libs\uvm-1.2\src\tlm2\uvm_tlm2_generic_payload.svh [compile index 112]
*** Warning: WIDTH_MISMATCH_PADDING: Assignment to 'value' of '64-bit' type from 'm_data[i]' of '8-bit' type
    at line 575 in C:\dvt_eclipse\predefined_projects\libs\uvm-1.2\src\tlm2\uvm_tlm2_generic_payload.svh [compile index 112]
*** Warning: WIDTH_MISMATCH_PADDING: Assignment to 'value' of '4096-bit' type from 'm_byte_enable[i]' of '8-bit' type
    at line 578 in C:\dvt_eclipse\predefined_projects\libs\uvm-1.2\src\tlm2\uvm_tlm2_generic_payload.svh [compile index 112]
*** Warning: WIDTH_MISMATCH_PADDING: Assignment to 'value' of '64-bit' type from 'm_byte_enable[i]' of '8-bit' type
    at line 578 in C:\dvt_eclipse\predefined_projects\libs\uvm-1.2\src\tlm2\uvm_tlm2_generic_payload.svh [compile index 112]
*** Warning: WIDTH_MISMATCH_TRUNCATION: Returning 'm_hdl_paths_pool.exists()' of '32-bit' type for function of '1-bit' return type
    at line 1418 in C:\dvt_eclipse\predefined_projects\libs\uvm-1.2\src\reg\uvm_reg.svh [compile index 128]
*** Warning: WIDTH_MISMATCH_PADDING: Assignment to 'value' of '1024-bit' type from 'rw.value[0]' of '64-bit' type
    at line 2688 in C:\dvt_eclipse\predefined_projects\libs\uvm-1.2\src\reg\uvm_reg.svh [compile index 128]
*** Warning: WIDTH_MISMATCH_PADDING: Assignment to 'value' of '1024-bit' type from 'slice' of '64-bit' type
    at line 2695 in C:\dvt_eclipse\predefined_projects\libs\uvm-1.2\src\reg\uvm_reg.svh [compile index 128]
*** Warning: WIDTH_MISMATCH_TRUNCATION: Assignment to 'val' of '64-bit' type from 'value' of '1024-bit' type
    at line 2725 in C:\dvt_eclipse\predefined_projects\libs\uvm-1.2\src\reg\uvm_reg.svh [compile index 128]
*** Warning: WIDTH_MISMATCH_TRUNCATION: Assignment to 'slice' of '64-bit' type from 'value' of '1024-bit' type
    at line 2732 in C:\dvt_eclipse\predefined_projects\libs\uvm-1.2\src\reg\uvm_reg.svh [compile index 128]
*** Warning: WIDTH_MISMATCH_TRUNCATION: Assignment to 'offset' of '32-bit' type from 'parent_map.get_submap_offset()' of '64-bit' type
    at line 3020 in C:\dvt_eclipse\predefined_projects\libs\uvm-1.2\src\reg\uvm_reg.svh [compile index 128]
*** Warning: WIDTH_MISMATCH_TRUNCATION: Assignment to 'offset' of '32-bit' type from 'this_map.get_base_addr()' of '64-bit' type
    at line 3020 in C:\dvt_eclipse\predefined_projects\libs\uvm-1.2\src\reg\uvm_reg.svh [compile index 128]
*** Warning: WIDTH_MISMATCH_TRUNCATION: Returning 'hdl_paths_pool.exists()' of '32-bit' type for function of '1-bit' return type
    at line 309 in C:\dvt_eclipse\predefined_projects\libs\uvm-1.2\src\reg\uvm_reg_file.svh [compile index 131]
*** Warning: WIDTH_MISMATCH_TRUNCATION: Returning 'size' of '64-bit' type for function of '32-bit' return type
    at line 1099 in C:\dvt_eclipse\predefined_projects\libs\uvm-1.2\src\reg\uvm_vreg.svh [compile index 133]
*** Warning: WIDTH_MISMATCH_TRUNCATION: Returning 'hdl_paths_pool.exists()' of '32-bit' type for function of '1-bit' return type
    at line 2006 in C:\dvt_eclipse\predefined_projects\libs\uvm-1.2\src\reg\uvm_reg_block.svh [compile index 136]
*** Warning: WIDTH_MISMATCH_TRUNCATION: Returning 'root_hdl_paths.exists()' of '32-bit' type for function of '1-bit' return type
    at line 2123 in C:\dvt_eclipse\predefined_projects\libs\uvm-1.2\src\reg\uvm_reg_block.svh [compile index 136]
*** Warning: WIDTH_MISMATCH_TRUNCATION: Assignment to 'slice' of '64-bit' type from 'value' of '1024-bit' type
    at line 2074 in C:\dvt_eclipse\predefined_projects\libs\uvm-1.2\src\reg\uvm_mem.svh [compile index 134]
*** Warning: WIDTH_MISMATCH_TRUNCATION: Assignment to 'rw.value[mem_idx]' of '64-bit' type from 'val' of '1024-bit' type
    at line 2085 in C:\dvt_eclipse\predefined_projects\libs\uvm-1.2\src\reg\uvm_mem.svh [compile index 134]
*** Warning: WIDTH_MISMATCH_PADDING: Assignment to 'value' of '1024-bit' type from 'rw.value[mem_idx]' of '64-bit' type
    at line 2128 in C:\dvt_eclipse\predefined_projects\libs\uvm-1.2\src\reg\uvm_mem.svh [compile index 134]
*** Warning: WIDTH_MISMATCH_PADDING: Assignment to 'value' of '1024-bit' type from 'slice' of '64-bit' type
    at line 2135 in C:\dvt_eclipse\predefined_projects\libs\uvm-1.2\src\reg\uvm_mem.svh [compile index 134]
*** Warning: WIDTH_MISMATCH_TRUNCATION: Returning 'm_hdl_paths_pool.exists()' of '32-bit' type for function of '1-bit' return type
    at line 2204 in C:\dvt_eclipse\predefined_projects\libs\uvm-1.2\src\reg\uvm_mem.svh [compile index 134]
*** Warning: WIDTH_MISMATCH_TRUNCATION: Assignment to 'offset' of '32-bit' type from 'parent_map.get_submap_offset()' of '64-bit' type
    at line 2325 in C:\dvt_eclipse\predefined_projects\libs\uvm-1.2\src\reg\uvm_mem.svh [compile index 134]
*** Warning: WIDTH_MISMATCH_TRUNCATION: Assignment to 'offset' of '32-bit' type from 'this_map.get_base_addr()' of '64-bit' type
    at line 2325 in C:\dvt_eclipse\predefined_projects\libs\uvm-1.2\src\reg\uvm_mem.svh [compile index 134]
*** Warning: WIDTH_MISMATCH_PADDING: Assignment to 'value' of '64-bit' type from 'get_n_bits()' of '32-bit' type
    at line 2353 in C:\dvt_eclipse\predefined_projects\libs\uvm-1.2\src\reg\uvm_mem.svh [compile index 134]
*** Warning: WIDTH_MISMATCH_PADDING: Assignment to 'data' of '64-bit' type from 'curr_byte' of '32-bit' type
    at line 2045 in C:\dvt_eclipse\predefined_projects\libs\uvm-1.2\src\reg\uvm_reg_map.svh [compile index 135]
*** Warning: WIDTH_MISMATCH_TRUNCATION: Assignment to 'curr_byte_' of '32-bit' type from 'data' of '64-bit' type
    at line 2066 in C:\dvt_eclipse\predefined_projects\libs\uvm-1.2\src\reg\uvm_reg_map.svh [compile index 135]
*** Warning: WIDTH_MISMATCH_TRUNCATION: Assignment to 'idx' of '32-bit' type from 'm_idx.get()' of '64-bit' type
    at line 125 in C:\dvt_eclipse\predefined_projects\libs\uvm-1.2\src\reg\uvm_reg_indirect.svh [compile index 129]
*** Warning: WIDTH_MISMATCH_TRUNCATION: Assignment to 'idx' of '32-bit' type from 'm_idx.get_mirrored_value()' of '64-bit' type
    at line 156 in C:\dvt_eclipse\predefined_projects\libs\uvm-1.2\src\reg\uvm_reg_indirect.svh [compile index 129]
*** Warning: WIDTH_MISMATCH_PADDING: Assignment to 'rw.value[0]' of '64-bit' type from 'm_idx' of '32-bit' type
    at line 303 in C:\dvt_eclipse\predefined_projects\libs\uvm-1.2\src\reg\uvm_reg_indirect.svh [compile index 129]
*** Warning: WIDTH_MISMATCH_TRUNCATION: Assignment to 'rw.byte_en[i]' of '1-bit' type from 'gp.m_byte_enable[i]' of '8-bit' type
    at line 241 in C:\dvt_eclipse\predefined_projects\libs\uvm-1.2\src\reg\uvm_reg_adapter.svh [compile index 121]
*** Warning: WIDTH_MISMATCH_PADDING: Assignment to 'byte_en' of '64-bit' type from 'byte_en' of '8-bit' type
    at line 207 in C:\dvt_eclipse\predefined_projects\libs\uvm-1.2\src\reg\uvm_reg_predictor.svh [compile index 122]
*** Warning: WIDTH_MISMATCH_PADDING: Assignment to 'reset' of '64-bit' type from '32'h0' of '32-bit' type
    at line 79 in C:\dvt_eclipse\predefined_projects\libs\uvm-1.2\src\reg\uvm_reg_fifo.svh [compile index 130]
*** Warning: WIDTH_MISMATCH_TRUNCATION: Assignment to 'dc_mask[next_lsb]' of '1-bit' type from 'dc' of '32-bit' type
    at line 120 in C:\dvt_eclipse\predefined_projects\libs\uvm-1.2\src\reg\sequences\uvm_reg_bit_bash_seq.svh [compile index 138]
*** Warning: WIDTH_MISMATCH_PADDING: Assignment to 'offset' of '64-bit' type from 'k' of '32-bit' type
    at line 127 in C:\dvt_eclipse\predefined_projects\libs\uvm-1.2\src\reg\sequences\uvm_mem_walk_seq.svh [compile index 139]
*** Warning: WIDTH_MISMATCH_PADDING: Assignment to 'offset' of '64-bit' type from 'k' of '32-bit' type
    at line 157 in C:\dvt_eclipse\predefined_projects\libs\uvm-1.2\src\reg\sequences\uvm_mem_walk_seq.svh [compile index 139]
*** Warning: WIDTH_MISMATCH_PADDING: Assignment to 'offset' of '64-bit' type from 'k' of '32-bit' type
    at line 116 in C:\dvt_eclipse\predefined_projects\libs\uvm-1.2\src\reg\sequences\uvm_mem_access_seq.svh [compile index 140]
*** Warning: WIDTH_MISMATCH_PADDING: Assignment to 'offset' of '64-bit' type from 'k' of '32-bit' type
    at line 124 in C:\dvt_eclipse\predefined_projects\libs\uvm-1.2\src\reg\sequences\uvm_mem_access_seq.svh [compile index 140]
*** Warning: WIDTH_MISMATCH_PADDING: Assignment to 'offset' of '64-bit' type from 'k' of '32-bit' type
    at line 132 in C:\dvt_eclipse\predefined_projects\libs\uvm-1.2\src\reg\sequences\uvm_mem_access_seq.svh [compile index 140]
*** Warning: WIDTH_MISMATCH_PADDING: Assignment to 'offset' of '64-bit' type from 'k' of '32-bit' type
    at line 145 in C:\dvt_eclipse\predefined_projects\libs\uvm-1.2\src\reg\sequences\uvm_mem_access_seq.svh [compile index 140]
*** Warning: WIDTH_MISMATCH_PADDING: Assignment to 'offset' of '64-bit' type from 'k' of '32-bit' type
    at line 151 in C:\dvt_eclipse\predefined_projects\libs\uvm-1.2\src\reg\sequences\uvm_mem_access_seq.svh [compile index 140]
*** Warning: WIDTH_MISMATCH_PADDING: Assignment to 'offset' of '64-bit' type from 'offset' of '32-bit' type
    at line 274 in C:\dvt_eclipse\predefined_projects\libs\uvm-1.2\src\reg\sequences\uvm_reg_mem_shared_access_seq.svh [compile index 142]
*** Warning: WIDTH_MISMATCH_PADDING: Assignment to 'offset' of '64-bit' type from 'offset' of '32-bit' type
    at line 281 in C:\dvt_eclipse\predefined_projects\libs\uvm-1.2\src\reg\sequences\uvm_reg_mem_shared_access_seq.svh [compile index 142]
*** Warning: WIDTH_MISMATCH_PADDING: Assignment to 'offset' of '64-bit' type from 'offset' of '32-bit' type
    at line 293 in C:\dvt_eclipse\predefined_projects\libs\uvm-1.2\src\reg\sequences\uvm_reg_mem_shared_access_seq.svh [compile index 142]
*** Warning: WIDTH_MISMATCH_PADDING: Assignment to 'offset' of '64-bit' type from 'offset' of '32-bit' type
    at line 303 in C:\dvt_eclipse\predefined_projects\libs\uvm-1.2\src\reg\sequences\uvm_reg_mem_shared_access_seq.svh [compile index 142]
*** Warning: WIDTH_MISMATCH_TRUNCATION: Assignment to 'd' of '64-bit' type from 'value' of '1024-bit' type
    at line 138 in C:\dvt_eclipse\predefined_projects\libs\uvm-1.2\src\reg\sequences\uvm_reg_mem_hdl_paths_seq.svh [compile index 144]
*** Warning: OUTPUT_PORT_READ: Reading from an output port 'clk' is not recommended
    at line 25 in C:\Users\PM\Documents\GitHub\BUS_UVM\src\spp\rtl\module__sync.sv [compile index 145]
*** Warning: SIGNAL_NEVER_READ: Signal 'pclk' is never read (connected to sub-instance output port)
    at line 11 in C:\Users\PM\Documents\GitHub\BUS_UVM\test\bus_testbench.sv [compile index 164]
*** Warning: SIGNAL_NEVER_READ: Signal 'prstn' is never read (connected to sub-instance output port)
    at line 12 in C:\Users\PM\Documents\GitHub\BUS_UVM\test\bus_testbench.sv [compile index 164]
*** Done mixed mode extension build [1s.495ms] ***
*** Start adding/validating the DVT Auto-Linked resources ***
*** Done adding/validating the DVT Auto-Linked resources [4 ms] ***
*** Total build time [2s.836ms] ***
